# ELBREAD: Elaboration process.
# ELBREAD: Elaboration time 0.0 [s].
acom -O3 -e 100 -work MIPS_16 -2002  $dsn/src/MIPS_Processor.vhd
# Warning: DAGGEN_0523: The source is compiled without the -dbg switch. Line breakpoints and assertion debug will not be available.
# File: e:\Documents\EBooks\BZU Docs\ENCS437\Project 2\MIPS_Processor\MIPS_16\src\MIPS_Processor.vhd
# Compile Entity "MIPS_Processor"
# Compile Architecture "SingleCycle" of Entity "MIPS_Processor"
# Compile success 0 Errors 0 Warnings  Analysis time :  0.2 [s]
asim -O5 +access +r +m+MIPS_Processor MIPS_Processor SingleCycle
# ELBREAD: Elaboration process.
# ELBREAD: Elaboration time 0.0 [s].
# VSIM: Stack memory: 32MB
# VSIM: Retval memory: 32MB
# 
# KERNEL: Main thread initiated.
# KERNEL: Kernel process initialization phase.
# KERNEL: Time resolution set to 1ps.
# ELAB2: Elaboration final pass...
# ELAB2: Create instances ...
# ELAB2: Create instances complete.
# SLP: Started
# SLP: Elaboration phase ...
# SLP: Elaboration phase ... skipped, nothing to simulate in SLP mode : 0.0 [s]
# SLP: Finished : 0.0 [s]
# ELAB2: Elaboration final pass complete - time: 0.6 [s].
# KERNEL: Warning: You are using the Active-HDL Student Edition. The performance of simulation is running at a reduced rate.
# KERNEL: Warning: Contact Aldec for available upgrade options - sales@aldec.com.
# KERNEL: Kernel process initialization done.
# Allocation: Simulator allocated 119371 kB (elbread=1280 elab2=115893 kernel=2198 sdf=0)
# KERNEL: ASDB file was created in location e:\Documents\EBooks\BZU Docs\ENCS437\Project 2\MIPS_Processor\MIPS_16\src\wave.asdb
#  12:11 PM, Wednesday, May 24, 2017
#  Simulation has been initialized
# 7 signal(s) traced.
# Waveform file 'untitled.awc' connected to 'e:/Documents/EBooks/BZU Docs/ENCS437/Project 2/MIPS_Processor/MIPS_16/src/wave.asdb'.
run 90 ns
# KERNEL: WARNING: CONV_INTEGER: There is an 'U'|'X'|'W'|'Z'|'-' in an arithmetic operand, and it has been converted to 0.
# KERNEL: Time: 0 ps,  Iteration: 0,  Instance: /MIPS_Processor,  Process: line__67.
# KERNEL: WARNING: CONV_INTEGER: There is an 'U'|'X'|'W'|'Z'|'-' in an arithmetic operand, and it has been converted to 0.
# KERNEL: Time: 0 ps,  Iteration: 0,  Instance: /MIPS_Processor,  Process: line__68.
# KERNEL: WARNING: CONV_INTEGER: There is an 'U'|'X'|'W'|'Z'|'-' in an arithmetic operand, and it has been converted to 0.
# KERNEL: Time: 0 ps,  Iteration: 0,  Instance: /MIPS_Processor,  Process: line__69.
# KERNEL: WARNING: CONV_INTEGER: There is an 'U'|'X'|'W'|'Z'|'-' in an arithmetic operand, and it has been converted to 0.
# KERNEL: Time: 0 ps,  Iteration: 0,  Instance: /MIPS_Processor,  Process: line__79.
# KERNEL: WARNING: CONV_INTEGER: There is an 'U'|'X'|'W'|'Z'|'-' in an arithmetic operand, and it has been converted to 0.
# KERNEL: Time: 0 ps,  Iteration: 0,  Instance: /MIPS_Processor,  Process: line__80.
# KERNEL: WARNING: There is an 'U'|'X'|'W'|'Z'|'-' in an arithmetic operand, the result will be 'X'(es).
# KERNEL: Time: 0 ps,  Iteration: 0,  Instance: /MIPS_Processor/ControlBlock,  Process: line__60.
# KERNEL: WARNING: There is an 'U'|'X'|'W'|'Z'|'-' in an arithmetic operand, the result will be 'X'(es).
# KERNEL: Time: 0 ps,  Iteration: 0,  Instance: /MIPS_Processor/ControlBlock,  Process: line__60.
# KERNEL: WARNING: There is an 'U'|'X'|'W'|'Z'|'-' in an arithmetic operand, the result will be 'X'(es).
# KERNEL: Time: 0 ps,  Iteration: 0,  Instance: /MIPS_Processor/ControlBlock,  Process: line__60.
# KERNEL: WARNING: There is an 'U'|'X'|'W'|'Z'|'-' in an arithmetic operand, the result will be 'X'(es).
# KERNEL: Time: 0 ps,  Iteration: 0,  Instance: /MIPS_Processor/ControlBlock,  Process: line__60.
# KERNEL: WARNING: There is an 'U'|'X'|'W'|'Z'|'-' in an arithmetic operand, the result will be 'X'(es).
# KERNEL: Time: 0 ps,  Iteration: 0,  Instance: /MIPS_Processor/ControlBlock,  Process: line__60.
# KERNEL: WARNING: CONV_INTEGER: There is an 'U'|'X'|'W'|'Z'|'-' in an arithmetic operand, and it has been converted to 0.
# KERNEL: Time: 0 ps,  Iteration: 0,  Instance: /MIPS_Processor/RegFileBlock,  Process: line__24.
# KERNEL: WARNING: CONV_INTEGER: There is an 'U'|'X'|'W'|'Z'|'-' in an arithmetic operand, and it has been converted to 0.
# KERNEL: Time: 0 ps,  Iteration: 0,  Instance: /MIPS_Processor/RegFileBlock,  Process: line__25.
# KERNEL: WARNING: There is an 'U'|'X'|'W'|'Z'|'-' in an arithmetic operand, the result will be 'X'(es).
# KERNEL: Time: 0 ps,  Iteration: 0,  Instance: /MIPS_Processor/RegFileBlock,  Process: line__26.
# KERNEL: WARNING: There is an 'U'|'X'|'W'|'Z'|'-' in an arithmetic operand, the result will be 'X'(es).
# KERNEL: Time: 0 ps,  Iteration: 0,  Instance: /MIPS_Processor/ALUBlock,  Process: line__26.
# KERNEL: WARNING: CONV_INTEGER: There is an 'U'|'X'|'W'|'Z'|'-' in an arithmetic operand, and it has been converted to 0.
# KERNEL: Time: 0 ps,  Iteration: 1,  Instance: /MIPS_Processor/ALUBlock,  Process: line__16.
# KERNEL: WARNING: CONV_INTEGER: There is an 'U'|'X'|'W'|'Z'|'-' in an arithmetic operand, and it has been converted to 0.
# KERNEL: Time: 0 ps,  Iteration: 1,  Instance: /MIPS_Processor/ALUBlock,  Process: line__16.
# KERNEL: WARNING: There is an 'U'|'X'|'W'|'Z'|'-' in an arithmetic operand, the result will be 'X'(es).
# KERNEL: Time: 0 ps,  Iteration: 3,  Instance: /MIPS_Processor/RegFileBlock,  Process: line__26.
# KERNEL: WARNING: CONV_INTEGER: There is an 'U'|'X'|'W'|'Z'|'-' in an arithmetic operand, and it has been converted to 0.
# KERNEL: Time: 0 ps,  Iteration: 4,  Instance: /MIPS_Processor/ALUBlock,  Process: line__16.
# KERNEL: WARNING: CONV_INTEGER: There is an 'U'|'X'|'W'|'Z'|'-' in an arithmetic operand, and it has been converted to 0.
# KERNEL: Time: 0 ps,  Iteration: 4,  Instance: /MIPS_Processor/ALUBlock,  Process: line__16.
# KERNEL: stopped at time: 90 ns
run 90 ns
# KERNEL: stopped at time: 180 ns
run 90 ns
# KERNEL: stopped at time: 270 ns
run 90 ns
# KERNEL: stopped at time: 360 ns
run 90 ns
# KERNEL: WARNING: NUMERIC_STD.TO_SIGNED: vector truncated
# KERNEL: Time: 400 ns,  Iteration: 5,  Instance: /MIPS_Processor/ALUBlock,  Process: line__16.
# KERNEL: WARNING: NUMERIC_STD.TO_SIGNED: vector truncated
# KERNEL: Time: 405 ns,  Iteration: 1,  Instance: /MIPS_Processor/ALUBlock,  Process: line__16.
# KERNEL: stopped at time: 450 ns
run 90 ns
# KERNEL: stopped at time: 540 ns
